<?xml version="1.0" encoding="UTF-8"?>
<testng-results skipped="0" failed="0" ignored="0" total="5" passed="5">
  <reporter-output>
  </reporter-output>
  <suite name="search-module" duration-ms="310922" started-at="2022-06-02T15:07:12Z" finished-at="2022-06-02T15:12:23Z">
    <groups>
    </groups>
    <test name="search-Test-Java" duration-ms="87252" started-at="2022-06-02T15:07:12Z" finished-at="2022-06-02T15:08:40Z">
      <class name="com.searchmodule.tests.SearchTest">
        <test-method status="PASS" signature="setUp(org.testng.ITestContext)[pri:0, instance:com.searchmodule.tests.SearchTest@2a18f23c]" name="setUp" is-config="true" duration-ms="51596" started-at="2022-06-02T15:07:12Z" finished-at="2022-06-02T15:08:04Z">
          <params>
            <param index="0">
              <value>
                <![CDATA[org.testng.TestRunner@1b73be9f]]>
              </value>
            </param>
          </params>
          <reporter-output>
          </reporter-output>
        </test-method> <!-- setUp -->
        <test-method status="PASS" signature="searchPage(java.lang.String)[pri:0, instance:com.searchmodule.tests.SearchTest@2a18f23c]" name="searchPage" duration-ms="28484" started-at="2022-06-02T15:08:04Z" finished-at="2022-06-02T15:08:32Z">
          <params>
            <param index="0">
              <value>
                <![CDATA[java]]>
              </value>
            </param>
          </params>
          <reporter-output>
          </reporter-output>
        </test-method> <!-- searchPage -->
        <test-method status="PASS" signature="quitBrowser()[pri:0, instance:com.searchmodule.tests.SearchTest@2a18f23c]" name="quitBrowser" is-config="true" duration-ms="7152" started-at="2022-06-02T15:08:32Z" finished-at="2022-06-02T15:08:40Z">
          <reporter-output>
          </reporter-output>
        </test-method> <!-- quitBrowser -->
      </class> <!-- com.searchmodule.tests.SearchTest -->
    </test> <!-- search-Test-Java -->
    <test name="search-Test-QA" duration-ms="80724" started-at="2022-06-02T15:08:40Z" finished-at="2022-06-02T15:10:01Z">
      <class name="com.searchmodule.tests.SearchTest">
        <test-method status="PASS" signature="setUp(org.testng.ITestContext)[pri:0, instance:com.searchmodule.tests.SearchTest@129a8472]" name="setUp" is-config="true" duration-ms="64206" started-at="2022-06-02T15:08:40Z" finished-at="2022-06-02T15:09:44Z">
          <params>
            <param index="0">
              <value>
                <![CDATA[org.testng.TestRunner@628c4ac0]]>
              </value>
            </param>
          </params>
          <reporter-output>
          </reporter-output>
        </test-method> <!-- setUp -->
        <test-method status="PASS" signature="searchPage(java.lang.String)[pri:0, instance:com.searchmodule.tests.SearchTest@129a8472]" name="searchPage" duration-ms="11302" started-at="2022-06-02T15:09:44Z" finished-at="2022-06-02T15:09:55Z">
          <params>
            <param index="0">
              <value>
                <![CDATA[QA]]>
              </value>
            </param>
          </params>
          <reporter-output>
          </reporter-output>
        </test-method> <!-- searchPage -->
        <test-method status="PASS" signature="quitBrowser()[pri:0, instance:com.searchmodule.tests.SearchTest@129a8472]" name="quitBrowser" is-config="true" duration-ms="5212" started-at="2022-06-02T15:09:55Z" finished-at="2022-06-02T15:10:01Z">
          <reporter-output>
          </reporter-output>
        </test-method> <!-- quitBrowser -->
      </class> <!-- com.searchmodule.tests.SearchTest -->
    </test> <!-- search-Test-QA -->
    <test name="search-Test-WebDriver" duration-ms="42941" started-at="2022-06-02T15:10:01Z" finished-at="2022-06-02T15:10:44Z">
      <class name="com.searchmodule.tests.SearchTest">
        <test-method status="PASS" signature="setUp(org.testng.ITestContext)[pri:0, instance:com.searchmodule.tests.SearchTest@2752f6e2]" name="setUp" is-config="true" duration-ms="31000" started-at="2022-06-02T15:10:01Z" finished-at="2022-06-02T15:10:32Z">
          <params>
            <param index="0">
              <value>
                <![CDATA[org.testng.TestRunner@7b84fcf8]]>
              </value>
            </param>
          </params>
          <reporter-output>
          </reporter-output>
        </test-method> <!-- setUp -->
        <test-method status="PASS" signature="searchPage(java.lang.String)[pri:0, instance:com.searchmodule.tests.SearchTest@2752f6e2]" name="searchPage" duration-ms="7149" started-at="2022-06-02T15:10:32Z" finished-at="2022-06-02T15:10:39Z">
          <params>
            <param index="0">
              <value>
                <![CDATA[WebDriver]]>
              </value>
            </param>
          </params>
          <reporter-output>
          </reporter-output>
        </test-method> <!-- searchPage -->
        <test-method status="PASS" signature="quitBrowser()[pri:0, instance:com.searchmodule.tests.SearchTest@2752f6e2]" name="quitBrowser" is-config="true" duration-ms="4790" started-at="2022-06-02T15:10:39Z" finished-at="2022-06-02T15:10:44Z">
          <reporter-output>
          </reporter-output>
        </test-method> <!-- quitBrowser -->
      </class> <!-- com.searchmodule.tests.SearchTest -->
    </test> <!-- search-Test-WebDriver -->
    <test name="search-Test-Docker" duration-ms="52254" started-at="2022-06-02T15:10:44Z" finished-at="2022-06-02T15:11:36Z">
      <class name="com.searchmodule.tests.SearchTest">
        <test-method status="PASS" signature="setUp(org.testng.ITestContext)[pri:0, instance:com.searchmodule.tests.SearchTest@1d251891]" name="setUp" is-config="true" duration-ms="33613" started-at="2022-06-02T15:10:44Z" finished-at="2022-06-02T15:11:17Z">
          <params>
            <param index="0">
              <value>
                <![CDATA[org.testng.TestRunner@30b19518]]>
              </value>
            </param>
          </params>
          <reporter-output>
          </reporter-output>
        </test-method> <!-- setUp -->
        <test-method status="PASS" signature="searchPage(java.lang.String)[pri:0, instance:com.searchmodule.tests.SearchTest@1d251891]" name="searchPage" duration-ms="14623" started-at="2022-06-02T15:11:17Z" finished-at="2022-06-02T15:11:32Z">
          <params>
            <param index="0">
              <value>
                <![CDATA[Docker]]>
              </value>
            </param>
          </params>
          <reporter-output>
          </reporter-output>
        </test-method> <!-- searchPage -->
        <test-method status="PASS" signature="quitBrowser()[pri:0, instance:com.searchmodule.tests.SearchTest@1d251891]" name="quitBrowser" is-config="true" duration-ms="4014" started-at="2022-06-02T15:11:32Z" finished-at="2022-06-02T15:11:36Z">
          <reporter-output>
          </reporter-output>
        </test-method> <!-- quitBrowser -->
      </class> <!-- com.searchmodule.tests.SearchTest -->
    </test> <!-- search-Test-Docker -->
    <test name="search-Test-Kubernetes" duration-ms="47310" started-at="2022-06-02T15:11:36Z" finished-at="2022-06-02T15:12:23Z">
      <class name="com.searchmodule.tests.SearchTest">
        <test-method status="PASS" signature="setUp(org.testng.ITestContext)[pri:0, instance:com.searchmodule.tests.SearchTest@43a25848]" name="setUp" is-config="true" duration-ms="34183" started-at="2022-06-02T15:11:36Z" finished-at="2022-06-02T15:12:10Z">
          <params>
            <param index="0">
              <value>
                <![CDATA[org.testng.TestRunner@363042d7]]>
              </value>
            </param>
          </params>
          <reporter-output>
          </reporter-output>
        </test-method> <!-- setUp -->
        <test-method status="PASS" signature="searchPage(java.lang.String)[pri:0, instance:com.searchmodule.tests.SearchTest@43a25848]" name="searchPage" duration-ms="9280" started-at="2022-06-02T15:12:10Z" finished-at="2022-06-02T15:12:19Z">
          <params>
            <param index="0">
              <value>
                <![CDATA[Kubernetes]]>
              </value>
            </param>
          </params>
          <reporter-output>
          </reporter-output>
        </test-method> <!-- searchPage -->
        <test-method status="PASS" signature="quitBrowser()[pri:0, instance:com.searchmodule.tests.SearchTest@43a25848]" name="quitBrowser" is-config="true" duration-ms="3845" started-at="2022-06-02T15:12:19Z" finished-at="2022-06-02T15:12:23Z">
          <reporter-output>
          </reporter-output>
        </test-method> <!-- quitBrowser -->
      </class> <!-- com.searchmodule.tests.SearchTest -->
    </test> <!-- search-Test-Kubernetes -->
  </suite> <!-- search-module -->
</testng-results>
