<?xml version="1.0" encoding="UTF-8"?>
<testng-results skipped="0" failed="0" ignored="0" total="15" passed="15">
  <reporter-output>
  </reporter-output>
  <suite name="book-flight-module" duration-ms="138940" started-at="2022-06-02T15:07:12Z" finished-at="2022-06-02T15:09:31Z">
    <groups>
    </groups>
    <test name="book-flight-2" duration-ms="44994" started-at="2022-06-02T15:07:12Z" finished-at="2022-06-02T15:07:57Z">
      <class name="com.newtours.tests.BookFlightTest">
        <test-method status="PASS" signature="setUp(org.testng.ITestContext)[pri:0, instance:com.newtours.tests.BookFlightTest@16c0663d]" name="setUp" is-config="true" duration-ms="20428" started-at="2022-06-02T15:07:12Z" finished-at="2022-06-02T15:07:33Z">
          <params>
            <param index="0">
              <value>
                <![CDATA[org.testng.TestRunner@aafcffa]]>
              </value>
            </param>
          </params>
          <reporter-output>
          </reporter-output>
        </test-method> <!-- setUp -->
        <test-method status="PASS" signature="setupParameters(java.lang.String, java.lang.String)[pri:0, instance:com.newtours.tests.BookFlightTest@16c0663d]" name="setupParameters" is-config="true" duration-ms="1" started-at="2022-06-02T15:07:33Z" depends-on-methods="com.tests.BaseTest.setUp" finished-at="2022-06-02T15:07:33Z">
          <params>
            <param index="0">
              <value>
                <![CDATA[2]]>
              </value>
            </param>
            <param index="1">
              <value>
                <![CDATA[$1169 USD]]>
              </value>
            </param>
          </params>
          <reporter-output>
          </reporter-output>
        </test-method> <!-- setupParameters -->
        <test-method status="PASS" signature="registrationTestPage()[pri:0, instance:com.newtours.tests.BookFlightTest@16c0663d]" name="registrationTestPage" duration-ms="15820" started-at="2022-06-02T15:07:33Z" finished-at="2022-06-02T15:07:49Z">
          <reporter-output>
          </reporter-output>
        </test-method> <!-- registrationTestPage -->
        <test-method status="PASS" signature="registrationConfirmationPage()[pri:0, instance:com.newtours.tests.BookFlightTest@16c0663d]" name="registrationConfirmationPage" duration-ms="1224" started-at="2022-06-02T15:07:49Z" depends-on-methods="com.newtours.tests.BookFlightTest.registrationTestPage" finished-at="2022-06-02T15:07:50Z">
          <reporter-output>
          </reporter-output>
        </test-method> <!-- registrationConfirmationPage -->
        <test-method status="PASS" signature="flightDetailsPage()[pri:0, instance:com.newtours.tests.BookFlightTest@16c0663d]" name="flightDetailsPage" duration-ms="3550" started-at="2022-06-02T15:07:50Z" depends-on-methods="com.newtours.tests.BookFlightTest.registrationConfirmationPage" finished-at="2022-06-02T15:07:54Z">
          <reporter-output>
          </reporter-output>
        </test-method> <!-- flightDetailsPage -->
        <test-method status="PASS" signature="findFlightPage()[pri:0, instance:com.newtours.tests.BookFlightTest@16c0663d]" name="findFlightPage" duration-ms="581" started-at="2022-06-02T15:07:54Z" depends-on-methods="com.newtours.tests.BookFlightTest.flightDetailsPage" finished-at="2022-06-02T15:07:54Z">
          <reporter-output>
          </reporter-output>
        </test-method> <!-- findFlightPage -->
        <test-method status="PASS" signature="flightConfirmationPage()[pri:0, instance:com.newtours.tests.BookFlightTest@16c0663d]" name="flightConfirmationPage" duration-ms="2278" started-at="2022-06-02T15:07:54Z" depends-on-methods="com.newtours.tests.BookFlightTest.findFlightPage" finished-at="2022-06-02T15:07:57Z">
          <reporter-output>
          </reporter-output>
        </test-method> <!-- flightConfirmationPage -->
        <test-method status="PASS" signature="quitBrowser()[pri:0, instance:com.newtours.tests.BookFlightTest@16c0663d]" name="quitBrowser" is-config="true" duration-ms="685" started-at="2022-06-02T15:07:57Z" finished-at="2022-06-02T15:07:57Z">
          <reporter-output>
          </reporter-output>
        </test-method> <!-- quitBrowser -->
      </class> <!-- com.newtours.tests.BookFlightTest -->
    </test> <!-- book-flight-2 -->
    <test name="book-flight-3" duration-ms="47805" started-at="2022-06-02T15:08:01Z" finished-at="2022-06-02T15:08:48Z">
      <class name="com.newtours.tests.BookFlightTest">
        <test-method status="PASS" signature="setUp(org.testng.ITestContext)[pri:0, instance:com.newtours.tests.BookFlightTest@6b71769e]" name="setUp" is-config="true" duration-ms="28466" started-at="2022-06-02T15:08:01Z" finished-at="2022-06-02T15:08:29Z">
          <params>
            <param index="0">
              <value>
                <![CDATA[org.testng.TestRunner@6955cb39]]>
              </value>
            </param>
          </params>
          <reporter-output>
          </reporter-output>
        </test-method> <!-- setUp -->
        <test-method status="PASS" signature="setupParameters(java.lang.String, java.lang.String)[pri:0, instance:com.newtours.tests.BookFlightTest@6b71769e]" name="setupParameters" is-config="true" duration-ms="1" started-at="2022-06-02T15:08:29Z" depends-on-methods="com.tests.BaseTest.setUp" finished-at="2022-06-02T15:08:29Z">
          <params>
            <param index="0">
              <value>
                <![CDATA[3]]>
              </value>
            </param>
            <param index="1">
              <value>
                <![CDATA[$1753 USD]]>
              </value>
            </param>
          </params>
          <reporter-output>
          </reporter-output>
        </test-method> <!-- setupParameters -->
        <test-method status="PASS" signature="registrationTestPage()[pri:0, instance:com.newtours.tests.BookFlightTest@6b71769e]" name="registrationTestPage" duration-ms="16257" started-at="2022-06-02T15:08:29Z" finished-at="2022-06-02T15:08:45Z">
          <reporter-output>
          </reporter-output>
        </test-method> <!-- registrationTestPage -->
        <test-method status="PASS" signature="registrationConfirmationPage()[pri:0, instance:com.newtours.tests.BookFlightTest@6b71769e]" name="registrationConfirmationPage" duration-ms="237" started-at="2022-06-02T15:08:45Z" depends-on-methods="com.newtours.tests.BookFlightTest.registrationTestPage" finished-at="2022-06-02T15:08:46Z">
          <reporter-output>
          </reporter-output>
        </test-method> <!-- registrationConfirmationPage -->
        <test-method status="PASS" signature="flightDetailsPage()[pri:0, instance:com.newtours.tests.BookFlightTest@6b71769e]" name="flightDetailsPage" duration-ms="1722" started-at="2022-06-02T15:08:46Z" depends-on-methods="com.newtours.tests.BookFlightTest.registrationConfirmationPage" finished-at="2022-06-02T15:08:47Z">
          <reporter-output>
          </reporter-output>
        </test-method> <!-- flightDetailsPage -->
        <test-method status="PASS" signature="findFlightPage()[pri:0, instance:com.newtours.tests.BookFlightTest@6b71769e]" name="findFlightPage" duration-ms="491" started-at="2022-06-02T15:08:47Z" depends-on-methods="com.newtours.tests.BookFlightTest.flightDetailsPage" finished-at="2022-06-02T15:08:48Z">
          <reporter-output>
          </reporter-output>
        </test-method> <!-- findFlightPage -->
        <test-method status="PASS" signature="flightConfirmationPage()[pri:0, instance:com.newtours.tests.BookFlightTest@6b71769e]" name="flightConfirmationPage" duration-ms="409" started-at="2022-06-02T15:08:48Z" depends-on-methods="com.newtours.tests.BookFlightTest.findFlightPage" finished-at="2022-06-02T15:08:48Z">
          <reporter-output>
          </reporter-output>
        </test-method> <!-- flightConfirmationPage -->
        <test-method status="PASS" signature="quitBrowser()[pri:0, instance:com.newtours.tests.BookFlightTest@6b71769e]" name="quitBrowser" is-config="true" duration-ms="214" started-at="2022-06-02T15:08:48Z" finished-at="2022-06-02T15:08:48Z">
          <reporter-output>
          </reporter-output>
        </test-method> <!-- quitBrowser -->
      </class> <!-- com.newtours.tests.BookFlightTest -->
    </test> <!-- book-flight-3 -->
    <test name="book-flight-4" duration-ms="41627" started-at="2022-06-02T15:08:50Z" finished-at="2022-06-02T15:09:31Z">
      <class name="com.newtours.tests.BookFlightTest">
        <test-method status="PASS" signature="setUp(org.testng.ITestContext)[pri:0, instance:com.newtours.tests.BookFlightTest@58ceff1]" name="setUp" is-config="true" duration-ms="22924" started-at="2022-06-02T15:08:50Z" finished-at="2022-06-02T15:09:13Z">
          <params>
            <param index="0">
              <value>
                <![CDATA[org.testng.TestRunner@235a0c16]]>
              </value>
            </param>
          </params>
          <reporter-output>
          </reporter-output>
        </test-method> <!-- setUp -->
        <test-method status="PASS" signature="setupParameters(java.lang.String, java.lang.String)[pri:0, instance:com.newtours.tests.BookFlightTest@58ceff1]" name="setupParameters" is-config="true" duration-ms="1" started-at="2022-06-02T15:09:13Z" depends-on-methods="com.tests.BaseTest.setUp" finished-at="2022-06-02T15:09:13Z">
          <params>
            <param index="0">
              <value>
                <![CDATA[4]]>
              </value>
            </param>
            <param index="1">
              <value>
                <![CDATA[$2338 USD]]>
              </value>
            </param>
          </params>
          <reporter-output>
          </reporter-output>
        </test-method> <!-- setupParameters -->
        <test-method status="PASS" signature="registrationTestPage()[pri:0, instance:com.newtours.tests.BookFlightTest@58ceff1]" name="registrationTestPage" duration-ms="16104" started-at="2022-06-02T15:09:13Z" finished-at="2022-06-02T15:09:29Z">
          <reporter-output>
          </reporter-output>
        </test-method> <!-- registrationTestPage -->
        <test-method status="PASS" signature="registrationConfirmationPage()[pri:0, instance:com.newtours.tests.BookFlightTest@58ceff1]" name="registrationConfirmationPage" duration-ms="266" started-at="2022-06-02T15:09:29Z" depends-on-methods="com.newtours.tests.BookFlightTest.registrationTestPage" finished-at="2022-06-02T15:09:29Z">
          <reporter-output>
          </reporter-output>
        </test-method> <!-- registrationConfirmationPage -->
        <test-method status="PASS" signature="flightDetailsPage()[pri:0, instance:com.newtours.tests.BookFlightTest@58ceff1]" name="flightDetailsPage" duration-ms="1428" started-at="2022-06-02T15:09:29Z" depends-on-methods="com.newtours.tests.BookFlightTest.registrationConfirmationPage" finished-at="2022-06-02T15:09:30Z">
          <reporter-output>
          </reporter-output>
        </test-method> <!-- flightDetailsPage -->
        <test-method status="PASS" signature="findFlightPage()[pri:0, instance:com.newtours.tests.BookFlightTest@58ceff1]" name="findFlightPage" duration-ms="402" started-at="2022-06-02T15:09:30Z" depends-on-methods="com.newtours.tests.BookFlightTest.flightDetailsPage" finished-at="2022-06-02T15:09:31Z">
          <reporter-output>
          </reporter-output>
        </test-method> <!-- findFlightPage -->
        <test-method status="PASS" signature="flightConfirmationPage()[pri:0, instance:com.newtours.tests.BookFlightTest@58ceff1]" name="flightConfirmationPage" duration-ms="333" started-at="2022-06-02T15:09:31Z" depends-on-methods="com.newtours.tests.BookFlightTest.findFlightPage" finished-at="2022-06-02T15:09:31Z">
          <reporter-output>
          </reporter-output>
        </test-method> <!-- flightConfirmationPage -->
        <test-method status="PASS" signature="quitBrowser()[pri:0, instance:com.newtours.tests.BookFlightTest@58ceff1]" name="quitBrowser" is-config="true" duration-ms="162" started-at="2022-06-02T15:09:31Z" finished-at="2022-06-02T15:09:31Z">
          <reporter-output>
          </reporter-output>
        </test-method> <!-- quitBrowser -->
      </class> <!-- com.newtours.tests.BookFlightTest -->
    </test> <!-- book-flight-4 -->
  </suite> <!-- book-flight-module -->
</testng-results>
