<?xml version="1.0" encoding="UTF-8"?>
<testng-results skipped="0" failed="0" ignored="0" total="15" passed="15">
  <reporter-output>
  </reporter-output>
  <suite name="book-flight-module" duration-ms="157801" started-at="2022-06-02T15:07:15Z" finished-at="2022-06-02T15:09:53Z">
    <groups>
    </groups>
    <test name="book-flight-2" duration-ms="72545" started-at="2022-06-02T15:07:15Z" finished-at="2022-06-02T15:08:27Z">
      <class name="com.newtours.tests.BookFlightTest">
        <test-method status="PASS" signature="setUp(org.testng.ITestContext)[pri:0, instance:com.newtours.tests.BookFlightTest@16c0663d]" name="setUp" is-config="true" duration-ms="46765" started-at="2022-06-02T15:07:15Z" finished-at="2022-06-02T15:08:02Z">
          <params>
            <param index="0">
              <value>
                <![CDATA[org.testng.TestRunner@235a0c16]]>
              </value>
            </param>
          </params>
          <reporter-output>
          </reporter-output>
        </test-method> <!-- setUp -->
        <test-method status="PASS" signature="setupParameters(java.lang.String, java.lang.String)[pri:0, instance:com.newtours.tests.BookFlightTest@16c0663d]" name="setupParameters" is-config="true" duration-ms="2" started-at="2022-06-02T15:08:02Z" depends-on-methods="com.tests.BaseTest.setUp" finished-at="2022-06-02T15:08:02Z">
          <params>
            <param index="0">
              <value>
                <![CDATA[2]]>
              </value>
            </param>
            <param index="1">
              <value>
                <![CDATA[$1169 USD]]>
              </value>
            </param>
          </params>
          <reporter-output>
          </reporter-output>
        </test-method> <!-- setupParameters -->
        <test-method status="PASS" signature="registrationTestPage()[pri:0, instance:com.newtours.tests.BookFlightTest@16c0663d]" name="registrationTestPage" duration-ms="22097" started-at="2022-06-02T15:08:02Z" finished-at="2022-06-02T15:08:24Z">
          <reporter-output>
          </reporter-output>
        </test-method> <!-- registrationTestPage -->
        <test-method status="PASS" signature="registrationConfirmationPage()[pri:0, instance:com.newtours.tests.BookFlightTest@16c0663d]" name="registrationConfirmationPage" duration-ms="243" started-at="2022-06-02T15:08:24Z" depends-on-methods="com.newtours.tests.BookFlightTest.registrationTestPage" finished-at="2022-06-02T15:08:24Z">
          <reporter-output>
          </reporter-output>
        </test-method> <!-- registrationConfirmationPage -->
        <test-method status="PASS" signature="flightDetailsPage()[pri:0, instance:com.newtours.tests.BookFlightTest@16c0663d]" name="flightDetailsPage" duration-ms="1545" started-at="2022-06-02T15:08:24Z" depends-on-methods="com.newtours.tests.BookFlightTest.registrationConfirmationPage" finished-at="2022-06-02T15:08:25Z">
          <reporter-output>
          </reporter-output>
        </test-method> <!-- flightDetailsPage -->
        <test-method status="PASS" signature="findFlightPage()[pri:0, instance:com.newtours.tests.BookFlightTest@16c0663d]" name="findFlightPage" duration-ms="503" started-at="2022-06-02T15:08:25Z" depends-on-methods="com.newtours.tests.BookFlightTest.flightDetailsPage" finished-at="2022-06-02T15:08:26Z">
          <reporter-output>
          </reporter-output>
        </test-method> <!-- findFlightPage -->
        <test-method status="PASS" signature="flightConfirmationPage()[pri:0, instance:com.newtours.tests.BookFlightTest@16c0663d]" name="flightConfirmationPage" duration-ms="400" started-at="2022-06-02T15:08:26Z" depends-on-methods="com.newtours.tests.BookFlightTest.findFlightPage" finished-at="2022-06-02T15:08:26Z">
          <reporter-output>
          </reporter-output>
        </test-method> <!-- flightConfirmationPage -->
        <test-method status="PASS" signature="quitBrowser()[pri:0, instance:com.newtours.tests.BookFlightTest@16c0663d]" name="quitBrowser" is-config="true" duration-ms="966" started-at="2022-06-02T15:08:26Z" finished-at="2022-06-02T15:08:27Z">
          <reporter-output>
          </reporter-output>
        </test-method> <!-- quitBrowser -->
      </class> <!-- com.newtours.tests.BookFlightTest -->
    </test> <!-- book-flight-2 -->
    <test name="book-flight-3" duration-ms="43210" started-at="2022-06-02T15:08:28Z" finished-at="2022-06-02T15:09:11Z">
      <class name="com.newtours.tests.BookFlightTest">
        <test-method status="PASS" signature="setUp(org.testng.ITestContext)[pri:0, instance:com.newtours.tests.BookFlightTest@6b71769e]" name="setUp" is-config="true" duration-ms="30724" started-at="2022-06-02T15:08:28Z" finished-at="2022-06-02T15:08:59Z">
          <params>
            <param index="0">
              <value>
                <![CDATA[org.testng.TestRunner@2b5f4d54]]>
              </value>
            </param>
          </params>
          <reporter-output>
          </reporter-output>
        </test-method> <!-- setUp -->
        <test-method status="PASS" signature="setupParameters(java.lang.String, java.lang.String)[pri:0, instance:com.newtours.tests.BookFlightTest@6b71769e]" name="setupParameters" is-config="true" duration-ms="1" started-at="2022-06-02T15:08:59Z" depends-on-methods="com.tests.BaseTest.setUp" finished-at="2022-06-02T15:08:59Z">
          <params>
            <param index="0">
              <value>
                <![CDATA[3]]>
              </value>
            </param>
            <param index="1">
              <value>
                <![CDATA[$1753 USD]]>
              </value>
            </param>
          </params>
          <reporter-output>
          </reporter-output>
        </test-method> <!-- setupParameters -->
        <test-method status="PASS" signature="registrationTestPage()[pri:0, instance:com.newtours.tests.BookFlightTest@6b71769e]" name="registrationTestPage" duration-ms="9647" started-at="2022-06-02T15:08:59Z" finished-at="2022-06-02T15:09:08Z">
          <reporter-output>
          </reporter-output>
        </test-method> <!-- registrationTestPage -->
        <test-method status="PASS" signature="registrationConfirmationPage()[pri:0, instance:com.newtours.tests.BookFlightTest@6b71769e]" name="registrationConfirmationPage" duration-ms="206" started-at="2022-06-02T15:09:08Z" depends-on-methods="com.newtours.tests.BookFlightTest.registrationTestPage" finished-at="2022-06-02T15:09:08Z">
          <reporter-output>
          </reporter-output>
        </test-method> <!-- registrationConfirmationPage -->
        <test-method status="PASS" signature="flightDetailsPage()[pri:0, instance:com.newtours.tests.BookFlightTest@6b71769e]" name="flightDetailsPage" duration-ms="1462" started-at="2022-06-02T15:09:08Z" depends-on-methods="com.newtours.tests.BookFlightTest.registrationConfirmationPage" finished-at="2022-06-02T15:09:10Z">
          <reporter-output>
          </reporter-output>
        </test-method> <!-- flightDetailsPage -->
        <test-method status="PASS" signature="findFlightPage()[pri:0, instance:com.newtours.tests.BookFlightTest@6b71769e]" name="findFlightPage" duration-ms="610" started-at="2022-06-02T15:09:10Z" depends-on-methods="com.newtours.tests.BookFlightTest.flightDetailsPage" finished-at="2022-06-02T15:09:11Z">
          <reporter-output>
          </reporter-output>
        </test-method> <!-- findFlightPage -->
        <test-method status="PASS" signature="flightConfirmationPage()[pri:0, instance:com.newtours.tests.BookFlightTest@6b71769e]" name="flightConfirmationPage" duration-ms="475" started-at="2022-06-02T15:09:11Z" depends-on-methods="com.newtours.tests.BookFlightTest.findFlightPage" finished-at="2022-06-02T15:09:11Z">
          <reporter-output>
          </reporter-output>
        </test-method> <!-- flightConfirmationPage -->
        <test-method status="PASS" signature="quitBrowser()[pri:0, instance:com.newtours.tests.BookFlightTest@6b71769e]" name="quitBrowser" is-config="true" duration-ms="71" started-at="2022-06-02T15:09:11Z" finished-at="2022-06-02T15:09:11Z">
          <reporter-output>
          </reporter-output>
        </test-method> <!-- quitBrowser -->
      </class> <!-- com.newtours.tests.BookFlightTest -->
    </test> <!-- book-flight-3 -->
    <test name="book-flight-4" duration-ms="41396" started-at="2022-06-02T15:09:11Z" finished-at="2022-06-02T15:09:53Z">
      <class name="com.newtours.tests.BookFlightTest">
        <test-method status="PASS" signature="setUp(org.testng.ITestContext)[pri:0, instance:com.newtours.tests.BookFlightTest@58ceff1]" name="setUp" is-config="true" duration-ms="20953" started-at="2022-06-02T15:09:11Z" finished-at="2022-06-02T15:09:32Z">
          <params>
            <param index="0">
              <value>
                <![CDATA[org.testng.TestRunner@5f7b97da]]>
              </value>
            </param>
          </params>
          <reporter-output>
          </reporter-output>
        </test-method> <!-- setUp -->
        <test-method status="PASS" signature="setupParameters(java.lang.String, java.lang.String)[pri:0, instance:com.newtours.tests.BookFlightTest@58ceff1]" name="setupParameters" is-config="true" duration-ms="1" started-at="2022-06-02T15:09:32Z" depends-on-methods="com.tests.BaseTest.setUp" finished-at="2022-06-02T15:09:32Z">
          <params>
            <param index="0">
              <value>
                <![CDATA[4]]>
              </value>
            </param>
            <param index="1">
              <value>
                <![CDATA[$2338 USD]]>
              </value>
            </param>
          </params>
          <reporter-output>
          </reporter-output>
        </test-method> <!-- setupParameters -->
        <test-method status="PASS" signature="registrationTestPage()[pri:0, instance:com.newtours.tests.BookFlightTest@58ceff1]" name="registrationTestPage" duration-ms="17225" started-at="2022-06-02T15:09:32Z" finished-at="2022-06-02T15:09:49Z">
          <reporter-output>
          </reporter-output>
        </test-method> <!-- registrationTestPage -->
        <test-method status="PASS" signature="registrationConfirmationPage()[pri:0, instance:com.newtours.tests.BookFlightTest@58ceff1]" name="registrationConfirmationPage" duration-ms="183" started-at="2022-06-02T15:09:49Z" depends-on-methods="com.newtours.tests.BookFlightTest.registrationTestPage" finished-at="2022-06-02T15:09:50Z">
          <reporter-output>
          </reporter-output>
        </test-method> <!-- registrationConfirmationPage -->
        <test-method status="PASS" signature="flightDetailsPage()[pri:0, instance:com.newtours.tests.BookFlightTest@58ceff1]" name="flightDetailsPage" duration-ms="1585" started-at="2022-06-02T15:09:50Z" depends-on-methods="com.newtours.tests.BookFlightTest.registrationConfirmationPage" finished-at="2022-06-02T15:09:51Z">
          <reporter-output>
          </reporter-output>
        </test-method> <!-- flightDetailsPage -->
        <test-method status="PASS" signature="findFlightPage()[pri:0, instance:com.newtours.tests.BookFlightTest@58ceff1]" name="findFlightPage" duration-ms="586" started-at="2022-06-02T15:09:51Z" depends-on-methods="com.newtours.tests.BookFlightTest.flightDetailsPage" finished-at="2022-06-02T15:09:52Z">
          <reporter-output>
          </reporter-output>
        </test-method> <!-- findFlightPage -->
        <test-method status="PASS" signature="flightConfirmationPage()[pri:0, instance:com.newtours.tests.BookFlightTest@58ceff1]" name="flightConfirmationPage" duration-ms="783" started-at="2022-06-02T15:09:52Z" depends-on-methods="com.newtours.tests.BookFlightTest.findFlightPage" finished-at="2022-06-02T15:09:52Z">
          <reporter-output>
          </reporter-output>
        </test-method> <!-- flightConfirmationPage -->
        <test-method status="PASS" signature="quitBrowser()[pri:0, instance:com.newtours.tests.BookFlightTest@58ceff1]" name="quitBrowser" is-config="true" duration-ms="73" started-at="2022-06-02T15:09:52Z" finished-at="2022-06-02T15:09:53Z">
          <reporter-output>
          </reporter-output>
        </test-method> <!-- quitBrowser -->
      </class> <!-- com.newtours.tests.BookFlightTest -->
    </test> <!-- book-flight-4 -->
  </suite> <!-- book-flight-module -->
</testng-results>
